Building DAG of jobs...
Using shell: /bin/bash
Provided cores: 1
Rules claiming more threads will be scaled down.
Job counts:
	count	jobs
	1	all
	1	simulate_genotypes_4popsplit
	2

[Thu Jan 11 12:35:10 2024]
rule simulate_genotypes_4popsplit:
    output: output/Simulate_Genotypes/4PopSplit/A1/genos.vcf, output/Simulate_Genotypes/4PopSplit/A1/genos.pop
    jobid: 1
    wildcards: rep=A1

Terminating processes on user request, this might take some time.
[Thu Jan 11 12:40:53 2024]
Error in rule simulate_genotypes_4popsplit:
    jobid: 1
    output: output/Simulate_Genotypes/4PopSplit/A1/genos.vcf, output/Simulate_Genotypes/4PopSplit/A1/genos.pop
    shell:
        
        python code/Simulate_Genotypes/generate_genotypes_4PopSplit.py 	      --outpre output/Simulate_Genotypes/4PopSplit/A1/genos 	      --chr 1        	--Nanc 1000 	      --NA 1000 	      --NB 1000 	      --NC 1000 	      --ND 1000   	    -a 2 	      -b 2 	      -c 2 	      -d 2         -s1 4400         -s2 2200         -L 100         -r 0.5          -u 1e-4          --seed 1000
        

Complete log: /Users/jenniferblanc/PGS-differences-confounding/.snakemake/log/2024-01-11T123510.391964.snakemake.log
