Building DAG of jobs...
Using shell: /bin/bash
Provided cores: 1
Rules claiming more threads will be scaled down.
Job counts:
	count	jobs
	1	all
	4	get_common_snp_list
	5

[Fri Jan 12 17:32:13 2024]
rule get_common_snp_list:
    input: output/Simulate_Genotypes/4PopSplit/A1/C1/gp-4/tp-4/genos-test.afreq, output/Simulate_Genotypes/4PopSplit/A1/C1/gp-4/tp-4/genos-gwas.afreq
    output: output/Simulate_Genotypes/4PopSplit/A1/C1/gp-4/tp-4/common_snps_L-3.txt
    jobid: 1
    wildcards: rep=A1, config=C1, gwas_size=gp-4, test_size=tp-4, nsnp=L-3

[Fri Jan 12 17:32:15 2024]
Finished job 1.
1 of 5 steps (20%) done

[Fri Jan 12 17:32:15 2024]
rule get_common_snp_list:
    input: output/Simulate_Genotypes/4PopSplit/A1/C1/gp-4/tp-4/genos-test.afreq, output/Simulate_Genotypes/4PopSplit/A1/C1/gp-4/tp-4/genos-gwas.afreq
    output: output/Simulate_Genotypes/4PopSplit/A1/C1/gp-4/tp-4/common_snps_L-10.txt
    jobid: 2
    wildcards: rep=A1, config=C1, gwas_size=gp-4, test_size=tp-4, nsnp=L-10

[Fri Jan 12 17:32:16 2024]
Finished job 2.
2 of 5 steps (40%) done

[Fri Jan 12 17:32:16 2024]
rule get_common_snp_list:
    input: output/Simulate_Genotypes/4PopSplit/A1/C2/gp-4/tp-4/genos-test.afreq, output/Simulate_Genotypes/4PopSplit/A1/C2/gp-4/tp-4/genos-gwas.afreq
    output: output/Simulate_Genotypes/4PopSplit/A1/C2/gp-4/tp-4/common_snps_L-10.txt
    jobid: 4
    wildcards: rep=A1, config=C2, gwas_size=gp-4, test_size=tp-4, nsnp=L-10

[Fri Jan 12 17:32:17 2024]
Finished job 4.
3 of 5 steps (60%) done

[Fri Jan 12 17:32:17 2024]
rule get_common_snp_list:
    input: output/Simulate_Genotypes/4PopSplit/A1/C2/gp-4/tp-4/genos-test.afreq, output/Simulate_Genotypes/4PopSplit/A1/C2/gp-4/tp-4/genos-gwas.afreq
    output: output/Simulate_Genotypes/4PopSplit/A1/C2/gp-4/tp-4/common_snps_L-3.txt
    jobid: 3
    wildcards: rep=A1, config=C2, gwas_size=gp-4, test_size=tp-4, nsnp=L-3

[Fri Jan 12 17:32:19 2024]
Finished job 3.
4 of 5 steps (80%) done

[Fri Jan 12 17:32:19 2024]
localrule all:
    input: output/Simulate_Genotypes/4PopSplit/A1/C1/gp-4/tp-4/common_snps_L-3.txt, output/Simulate_Genotypes/4PopSplit/A1/C1/gp-4/tp-4/common_snps_L-10.txt, output/Simulate_Genotypes/4PopSplit/A1/C2/gp-4/tp-4/common_snps_L-3.txt, output/Simulate_Genotypes/4PopSplit/A1/C2/gp-4/tp-4/common_snps_L-10.txt
    jobid: 0

[Fri Jan 12 17:32:19 2024]
Finished job 0.
5 of 5 steps (100%) done
Complete log: /Users/jenniferblanc/PGS-differences-confounding/.snakemake/log/2024-01-12T173213.603903.snakemake.log
