Building DAG of jobs...
Using shell: /bin/bash
Provided cores: 1
Rules claiming more threads will be scaled down.
Job counts:
	count	jobs
	1	all
	1	concat_vcfs
	1	format_VCF
	1	simulate_genotypes_4popsplit
	4

[Fri Jan 12 14:23:14 2024]
rule simulate_genotypes_4popsplit:
    output: output/Simulate_Genotypes/4PopSplit/A1/genos.vcf, output/Simulate_Genotypes/4PopSplit/A1/genos.pop
    jobid: 3
    wildcards: rep=A1

[Fri Jan 12 14:23:15 2024]
Finished job 3.
1 of 4 steps (25%) done

[Fri Jan 12 14:23:15 2024]
rule format_VCF:
    input: output/Simulate_Genotypes/4PopSplit/A1/genos.vcf
    output: output/Simulate_Genotypes/4PopSplit/A1/genos.tmp.vcf.gz, output/Simulate_Genotypes/4PopSplit/A1/genos.tmp.vcf.gz.tbi
    jobid: 2
    wildcards: rep=A1

[Fri Jan 12 14:23:15 2024]
Finished job 2.
2 of 4 steps (50%) done

[Fri Jan 12 14:23:15 2024]
rule concat_vcfs:
    input: output/Simulate_Genotypes/4PopSplit/A1/genos.tmp.vcf.gz, output/Simulate_Genotypes/4PopSplit/A1/genos.tmp.vcf.gz.tbi
    output: output/Simulate_Genotypes/4PopSplit/A1/genos.ids.vcf.gz
    jobid: 1
    wildcards: rep=A1

[Fri Jan 12 14:23:16 2024]
Finished job 1.
3 of 4 steps (75%) done

[Fri Jan 12 14:23:16 2024]
localrule all:
    input: output/Simulate_Genotypes/4PopSplit/A1/genos.ids.vcf.gz
    jobid: 0

[Fri Jan 12 14:23:16 2024]
Finished job 0.
4 of 4 steps (100%) done
Complete log: /Users/jenniferblanc/PGS-differences-confounding/.snakemake/log/2024-01-12T142314.029036.snakemake.log
