Building DAG of jobs...
Using shell: /bin/bash
Provided cores: 1
Rules claiming more threads will be scaled down.
Job counts:
	count	jobs
	1	all
	1	change_vcf_chromosome
	1	convert_vcf_to_plink
	1	create_panels_4PopSplit
	1	format_VCF
	2	get_variant_freq
	1	simulate_genotypes_4popsplit
	8

[Fri Jan 12 16:38:44 2024]
rule simulate_genotypes_4popsplit:
    output: output/Simulate_Genotypes/4PopSplit/A1/genos.vcf, output/Simulate_Genotypes/4PopSplit/A1/genos.pop
    jobid: 6
    wildcards: rep=A1

[Fri Jan 12 16:38:46 2024]
Finished job 6.
1 of 8 steps (12%) done

[Fri Jan 12 16:38:46 2024]
rule format_VCF:
    input: output/Simulate_Genotypes/4PopSplit/A1/genos.vcf
    output: output/Simulate_Genotypes/4PopSplit/A1/genos.tmp.vcf.gz, output/Simulate_Genotypes/4PopSplit/A1/genos.tmp.vcf.gz.tbi
    jobid: 7
    wildcards: rep=A1

[Fri Jan 12 16:38:46 2024]
Finished job 7.
2 of 8 steps (25%) done

[Fri Jan 12 16:38:46 2024]
rule change_vcf_chromosome:
    input: output/Simulate_Genotypes/4PopSplit/A1/genos.tmp.vcf.gz, output/Simulate_Genotypes/4PopSplit/A1/genos.tmp.vcf.gz.tbi
    output: output/Simulate_Genotypes/4PopSplit/A1/genos.ids.vcf.gz
    jobid: 5
    wildcards: rep=A1

[Fri Jan 12 16:38:46 2024]
Finished job 5.
3 of 8 steps (38%) done

[Fri Jan 12 16:38:46 2024]
rule convert_vcf_to_plink:
    input: output/Simulate_Genotypes/4PopSplit/A1/genos.ids.vcf.gz
    output: output/Simulate_Genotypes/4PopSplit/A1/genos.psam, output/Simulate_Genotypes/4PopSplit/A1/genos.pgen, output/Simulate_Genotypes/4PopSplit/A1/genos.pvar
    jobid: 3
    wildcards: rep=A1

[Fri Jan 12 16:38:46 2024]
Finished job 3.
4 of 8 steps (50%) done

[Fri Jan 12 16:38:46 2024]
rule create_panels_4PopSplit:
    input: output/Simulate_Genotypes/4PopSplit/A1/genos.pop
    output: output/Simulate_Genotypes/4PopSplit/A1/C1/gp-4/tp-4/ids.gwas, output/Simulate_Genotypes/4PopSplit/A1/C1/gp-4/tp-4/ids.test, output/Simulate_Genotypes/4PopSplit/A1/C2/gp-4/tp-4/ids.gwas, output/Simulate_Genotypes/4PopSplit/A1/C2/gp-4/tp-4/ids.test
    jobid: 4
    wildcards: rep=A1, gwas_size=gp-4, test_size=tp-4

[Fri Jan 12 16:38:47 2024]
Finished job 4.
5 of 8 steps (62%) done

[Fri Jan 12 16:38:47 2024]
rule get_variant_freq:
    input: output/Simulate_Genotypes/4PopSplit/A1/genos.psam, output/Simulate_Genotypes/4PopSplit/A1/C2/gp-4/tp-4/ids.gwas, output/Simulate_Genotypes/4PopSplit/A1/C2/gp-4/tp-4/ids.test
    output: output/Simulate_Genotypes/4PopSplit/A1/C2/gp-4/tp-4/genos-test.afreq, output/Simulate_Genotypes/4PopSplit/A1/C2/gp-4/tp-4/genos-gwas.afreq
    jobid: 2
    wildcards: rep=A1, config=C2, gwas_size=gp-4, test_size=tp-4

RuleException in line 135 of /Users/jenniferblanc/PGS-differences-confounding/snakefile_4PopSplit:
'InputFiles' object has no attribute 'testIDs'
