Building DAG of jobs...
Using shell: /bin/bash
Provided cores: 1
Rules claiming more threads will be scaled down.
Job counts:
	count	jobs
	1	all
	1	format_VCF
	2

[Fri Jan 12 11:09:25 2024]
rule format_VCF:
    input: output/Simulate_Genotypes/4PopSplit/A1/genos.vcf
    output: output/Simulate_Genotypes/4PopSplit/A1/genos.ids.vcf.gz
    jobid: 1
    wildcards: rep=A1

[Fri Jan 12 11:09:26 2024]
Finished job 1.
1 of 2 steps (50%) done

[Fri Jan 12 11:09:26 2024]
localrule all:
    input: output/Simulate_Genotypes/4PopSplit/A1/genos.ids.vcf.gz
    jobid: 0

[Fri Jan 12 11:09:26 2024]
Finished job 0.
2 of 2 steps (100%) done
Complete log: /Users/jenniferblanc/PGS-differences-confounding/.snakemake/log/2024-01-12T110925.647865.snakemake.log
