Building DAG of jobs...
Using shell: /bin/bash
Provided cores: 1
Rules claiming more threads will be scaled down.
Job counts:
	count	jobs
	1	all
	1	concat_vcfs
	1	format_VCF
	1	simulate_genotypes_4popsplit
	4

[Fri Jan 12 13:55:07 2024]
rule simulate_genotypes_4popsplit:
    output: output/Simulate_Genotypes/4PopSplit/A1/genos.vcf, output/Simulate_Genotypes/4PopSplit/A1/genos.pop
    jobid: 3
    wildcards: rep=A1

[Fri Jan 12 13:55:09 2024]
Finished job 3.
1 of 4 steps (25%) done

[Fri Jan 12 13:55:09 2024]
rule format_VCF:
    input: output/Simulate_Genotypes/4PopSplit/A1/genos.vcf
    output: output/Simulate_Genotypes/4PopSplit/A1/genos.tmp.vcf
    jobid: 2
    wildcards: rep=A1

[Fri Jan 12 13:55:09 2024]
Finished job 2.
2 of 4 steps (50%) done

[Fri Jan 12 13:55:09 2024]
rule concat_vcfs:
    input: output/Simulate_Genotypes/4PopSplit/A1/genos.tmp.vcf
    output: output/Simulate_Genotypes/4PopSplit/A1/genos.ids.vcf.gz
    jobid: 1
    wildcards: rep=A1

[Fri Jan 12 13:55:09 2024]
Error in rule concat_vcfs:
    jobid: 1
    output: output/Simulate_Genotypes/4PopSplit/A1/genos.ids.vcf.gz
    shell:
        
        bcftools annotate --rename-chrs code/Simulate_Genotypes/convert_chr.txt output/Simulate_Genotypes/4PopSplit/A1/genos.tmp.vcf -o output/Simulate_Genotypes/4PopSplit/A1/genos.ids.vcf.gz -O z
        rm output/Simulate_Genotypes/4PopSplit/A1/temp.vcf.gz
	rm output/Simulate_Genotypes/4PopSplit/A1/genos.tmp.vcf
        

Removing output files of failed job concat_vcfs since they might be corrupted:
output/Simulate_Genotypes/4PopSplit/A1/genos.ids.vcf.gz
Shutting down, this might take some time.
Exiting because a job execution failed. Look above for error message
Complete log: /Users/jenniferblanc/PGS-differences-confounding/.snakemake/log/2024-01-12T135507.269553.snakemake.log
