Building DAG of jobs...
Using shell: /bin/bash
Provided cores: 1
Rules claiming more threads will be scaled down.
Job counts:
	count	jobs
	1	all
	1	simulate_genotypes_4popsplit
	2

[Thu Jan 11 12:44:11 2024]
rule simulate_genotypes_4popsplit:
    output: output/Simulate_Genotypes/4PopSplit/A1/genos.vcf, output/Simulate_Genotypes/4PopSplit/A1/genos.pop
    jobid: 1
    wildcards: rep=A1

[Thu Jan 11 12:44:12 2024]
Finished job 1.
1 of 2 steps (50%) done

[Thu Jan 11 12:44:12 2024]
localrule all:
    input: output/Simulate_Genotypes/4PopSplit/A1/genos.pop
    jobid: 0

[Thu Jan 11 12:44:12 2024]
Finished job 0.
2 of 2 steps (100%) done
Complete log: /Users/jenniferblanc/PGS-differences-confounding/.snakemake/log/2024-01-11T124411.044859.snakemake.log
