Building DAG of jobs...
Using shell: /bin/bash
Provided cores: 1
Rules claiming more threads will be scaled down.
Job counts:
	count	jobs
	1	all
	1	create_panels_4PopSplit
	1	simulate_genotypes_4popsplit
	3

[Fri Jan 12 16:06:00 2024]
rule simulate_genotypes_4popsplit:
    output: output/Simulate_Genotypes/4PopSplit/A1/genos.vcf, output/Simulate_Genotypes/4PopSplit/A1/genos.pop
    jobid: 2
    wildcards: rep=A1

[Fri Jan 12 16:06:01 2024]
Finished job 2.
1 of 3 steps (33%) done

[Fri Jan 12 16:06:01 2024]
rule create_panels_4PopSplit:
    input: output/Simulate_Genotypes/4PopSplit/A1/genos.pop
    output: output/Simulate_Genotypes/4PopSplit/A1/C1/gp-5/tp-5/ids.gwas, output/Simulate_Genotypes/4PopSplit/A1/C1/gp-5/tp-5/ids.test, output/Simulate_Genotypes/4PopSplit/A1/C2/gp-5/tp-5/ids.gwas, output/Simulate_Genotypes/4PopSplit/A1/C2/gp-5/tp-5/ids.test
    jobid: 1
    wildcards: rep=A1, gwas_size=gp-5, test_size=tp-5

[Fri Jan 12 16:06:02 2024]
Finished job 1.
2 of 3 steps (67%) done

[Fri Jan 12 16:06:02 2024]
localrule all:
    input: output/Simulate_Genotypes/4PopSplit/A1/C1/gp-5/tp-5/ids.gwas
    jobid: 0

[Fri Jan 12 16:06:02 2024]
Finished job 0.
3 of 3 steps (100%) done
Complete log: /Users/jenniferblanc/PGS-differences-confounding/.snakemake/log/2024-01-12T160600.385730.snakemake.log
