Building DAG of jobs...
Using shell: /bin/bash
Provided cores: 1
Rules claiming more threads will be scaled down.
Job counts:
	count	jobs
	1	all
	2	calculate_fst
	3

[Fri Jan 12 17:41:41 2024]
rule calculate_fst:
    input: output/Simulate_Genotypes/4PopSplit/A1/genos.psam, output/Simulate_Genotypes/4PopSplit/A1/C1/gp-4/tp-4/ids.gwas, output/Simulate_Genotypes/4PopSplit/A1/C1/gp-4/tp-4/ids.test
    output: output/Simulate_Genotypes/4PopSplit/A1/C1/gp-4/tp-4/gwas.fst.summary, output/Simulate_Genotypes/4PopSplit/A1/C1/gp-4/tp-4/test.fst.summary
    jobid: 1
    wildcards: rep=A1, config=C1, gwas_size=gp-4, test_size=tp-4

[Fri Jan 12 17:41:41 2024]
Finished job 1.
1 of 3 steps (33%) done

[Fri Jan 12 17:41:41 2024]
rule calculate_fst:
    input: output/Simulate_Genotypes/4PopSplit/A1/genos.psam, output/Simulate_Genotypes/4PopSplit/A1/C2/gp-4/tp-4/ids.gwas, output/Simulate_Genotypes/4PopSplit/A1/C2/gp-4/tp-4/ids.test
    output: output/Simulate_Genotypes/4PopSplit/A1/C2/gp-4/tp-4/gwas.fst.summary, output/Simulate_Genotypes/4PopSplit/A1/C2/gp-4/tp-4/test.fst.summary
    jobid: 2
    wildcards: rep=A1, config=C2, gwas_size=gp-4, test_size=tp-4

[Fri Jan 12 17:41:41 2024]
Finished job 2.
2 of 3 steps (67%) done

[Fri Jan 12 17:41:41 2024]
localrule all:
    input: output/Simulate_Genotypes/4PopSplit/A1/C1/gp-4/tp-4/gwas.fst.summary, output/Simulate_Genotypes/4PopSplit/A1/C2/gp-4/tp-4/gwas.fst.summary
    jobid: 0

[Fri Jan 12 17:41:41 2024]
Finished job 0.
3 of 3 steps (100%) done
Complete log: /Users/jenniferblanc/PGS-differences-confounding/.snakemake/log/2024-01-12T174141.787275.snakemake.log
