Building DAG of jobs...
Using shell: /bin/bash
Provided cores: 1
Rules claiming more threads will be scaled down.
Job counts:
	count	jobs
	1	all
	1	change_vcf_chromosome
	1	convert_vcf_to_plink
	1	create_panels_4PopSplit
	1	format_VCF
	1	simulate_genotypes_4popsplit
	2	split_into_test_gwas
	8

[Fri Jan 12 16:26:06 2024]
rule simulate_genotypes_4popsplit:
    output: output/Simulate_Genotypes/4PopSplit/A1/genos.vcf, output/Simulate_Genotypes/4PopSplit/A1/genos.pop
    jobid: 5
    wildcards: rep=A1

[Fri Jan 12 16:26:08 2024]
Finished job 5.
1 of 8 steps (12%) done

[Fri Jan 12 16:26:08 2024]
rule format_VCF:
    input: output/Simulate_Genotypes/4PopSplit/A1/genos.vcf
    output: output/Simulate_Genotypes/4PopSplit/A1/genos.tmp.vcf.gz, output/Simulate_Genotypes/4PopSplit/A1/genos.tmp.vcf.gz.tbi
    jobid: 7
    wildcards: rep=A1

[Fri Jan 12 16:26:08 2024]
Finished job 7.
2 of 8 steps (25%) done

[Fri Jan 12 16:26:08 2024]
rule change_vcf_chromosome:
    input: output/Simulate_Genotypes/4PopSplit/A1/genos.tmp.vcf.gz, output/Simulate_Genotypes/4PopSplit/A1/genos.tmp.vcf.gz.tbi
    output: output/Simulate_Genotypes/4PopSplit/A1/genos.ids.vcf.gz
    jobid: 6
    wildcards: rep=A1

[Fri Jan 12 16:26:08 2024]
Finished job 6.
3 of 8 steps (38%) done

[Fri Jan 12 16:26:08 2024]
rule convert_vcf_to_plink:
    input: output/Simulate_Genotypes/4PopSplit/A1/genos.ids.vcf.gz
    output: output/Simulate_Genotypes/4PopSplit/A1/genos.psam, output/Simulate_Genotypes/4PopSplit/A1/genos.pgen, output/Simulate_Genotypes/4PopSplit/A1/genos.pvar
    jobid: 4
    wildcards: rep=A1

[Fri Jan 12 16:26:08 2024]
Finished job 4.
4 of 8 steps (50%) done

[Fri Jan 12 16:26:08 2024]
rule create_panels_4PopSplit:
    input: output/Simulate_Genotypes/4PopSplit/A1/genos.pop
    output: output/Simulate_Genotypes/4PopSplit/A1/C1/gp-4/tp-4/ids.gwas, output/Simulate_Genotypes/4PopSplit/A1/C1/gp-4/tp-4/ids.test, output/Simulate_Genotypes/4PopSplit/A1/C2/gp-4/tp-4/ids.gwas, output/Simulate_Genotypes/4PopSplit/A1/C2/gp-4/tp-4/ids.test
    jobid: 3
    wildcards: rep=A1, gwas_size=gp-4, test_size=tp-4

[Fri Jan 12 16:26:10 2024]
Finished job 3.
5 of 8 steps (62%) done

[Fri Jan 12 16:26:10 2024]
rule split_into_test_gwas:
    input: output/Simulate_Genotypes/4PopSplit/A1/C2/gp-4/tp-4/ids.gwas, output/Simulate_Genotypes/4PopSplit/A1/C2/gp-4/tp-4/ids.test, output/Simulate_Genotypes/4PopSplit/A1/genos.psam
    output: output/Simulate_Genotypes/4PopSplit/A1/C2/gp-4/tp-4/genos-test.psam, output/Simulate_Genotypes/4PopSplit/A1/C2/gp-4/tp-4/genos-gwas.psam
    jobid: 2
    wildcards: rep=A1, config=C2, gwas_size=gp-4, test_size=tp-4

[Fri Jan 12 16:26:10 2024]
Finished job 2.
6 of 8 steps (75%) done

[Fri Jan 12 16:26:10 2024]
rule split_into_test_gwas:
    input: output/Simulate_Genotypes/4PopSplit/A1/C1/gp-4/tp-4/ids.gwas, output/Simulate_Genotypes/4PopSplit/A1/C1/gp-4/tp-4/ids.test, output/Simulate_Genotypes/4PopSplit/A1/genos.psam
    output: output/Simulate_Genotypes/4PopSplit/A1/C1/gp-4/tp-4/genos-test.psam, output/Simulate_Genotypes/4PopSplit/A1/C1/gp-4/tp-4/genos-gwas.psam
    jobid: 1
    wildcards: rep=A1, config=C1, gwas_size=gp-4, test_size=tp-4

[Fri Jan 12 16:26:10 2024]
Finished job 1.
7 of 8 steps (88%) done

[Fri Jan 12 16:26:10 2024]
localrule all:
    input: output/Simulate_Genotypes/4PopSplit/A1/C1/gp-4/tp-4/genos-gwas.psam, output/Simulate_Genotypes/4PopSplit/A1/C2/gp-4/tp-4/genos-gwas.psam
    jobid: 0

[Fri Jan 12 16:26:10 2024]
Finished job 0.
8 of 8 steps (100%) done
Complete log: /Users/jenniferblanc/PGS-differences-confounding/.snakemake/log/2024-01-12T162606.795500.snakemake.log
