Building DAG of jobs...
Using shell: /bin/bash
Provided cores: 1
Rules claiming more threads will be scaled down.
Job counts:
	count	jobs
	1	all
	1	concat_vcfs
	2

[Fri Jan 12 11:19:27 2024]
rule concat_vcfs:
    input: output/Simulate_Genotypes/4PopSplit/A1/genos.tmp.gz
    output: output/Simulate_Genotypes/4PopSplit/A1/genos.ids.vcf.gz
    jobid: 1
    wildcards: rep=A1

[Fri Jan 12 11:19:27 2024]
Error in rule concat_vcfs:
    jobid: 1
    output: output/Simulate_Genotypes/4PopSplit/A1/genos.ids.vcf.gz
    shell:
        
        bcftools concat output/Simulate_Genotypes/4PopSplit/A1/genos.tmp.gz -o output/Simulate_Genotypes/4PopSplit/A1/temp.vcf.gz -O z
        bcftools annotate --rename-chrs code/Simulate_Genotypes/convert_chr.txt output/Simulate_Genotypes/4PopSplit/A1/temp.vcf.gz -o output/Simulate_Genotypes/4PopSplit/A1/genos.ids.vcf.gz -O z
        rm output/Simulate_Genotypes/4PopSplit/A1/temp.vcf.gz
	rm output/Simulate_Genotypes/4PopSplit/A1/genos.tmp.gz
        

Shutting down, this might take some time.
Exiting because a job execution failed. Look above for error message
Complete log: /Users/jenniferblanc/PGS-differences-confounding/.snakemake/log/2024-01-12T111927.925320.snakemake.log
