Building DAG of jobs...
Using shell: /bin/bash
Provided cores: 1
Rules claiming more threads will be scaled down.
Job counts:
	count	jobs
	1	all
	1	change_vcf_chromosome
	1	convert_vcf_to_plink
	1	format_VCF
	1	simulate_genotypes_4popsplit
	5

[Fri Jan 12 15:53:48 2024]
rule simulate_genotypes_4popsplit:
    output: output/Simulate_Genotypes/4PopSplit/A1/genos.vcf, output/Simulate_Genotypes/4PopSplit/A1/genos.pop
    jobid: 4
    wildcards: rep=A1

[Fri Jan 12 15:53:50 2024]
Finished job 4.
1 of 5 steps (20%) done

[Fri Jan 12 15:53:50 2024]
rule format_VCF:
    input: output/Simulate_Genotypes/4PopSplit/A1/genos.vcf
    output: output/Simulate_Genotypes/4PopSplit/A1/genos.tmp.vcf.gz, output/Simulate_Genotypes/4PopSplit/A1/genos.tmp.vcf.gz.tbi
    jobid: 3
    wildcards: rep=A1

[Fri Jan 12 15:53:50 2024]
Finished job 3.
2 of 5 steps (40%) done

[Fri Jan 12 15:53:50 2024]
rule change_vcf_chromosome:
    input: output/Simulate_Genotypes/4PopSplit/A1/genos.tmp.vcf.gz, output/Simulate_Genotypes/4PopSplit/A1/genos.tmp.vcf.gz.tbi
    output: output/Simulate_Genotypes/4PopSplit/A1/genos.ids.vcf.gz
    jobid: 2
    wildcards: rep=A1

[Fri Jan 12 15:53:50 2024]
Finished job 2.
3 of 5 steps (60%) done

[Fri Jan 12 15:53:50 2024]
rule convert_vcf_to_plink:
    input: output/Simulate_Genotypes/4PopSplit/A1/genos.ids.vcf.gz
    output: output/Simulate_Genotypes/4PopSplit/A1/genos.psam, output/Simulate_Genotypes/4PopSplit/A1/genos.pgen, output/Simulate_Genotypes/4PopSplit/A1/genos.pvar
    jobid: 1
    wildcards: rep=A1

[Fri Jan 12 15:53:50 2024]
Finished job 1.
4 of 5 steps (80%) done

[Fri Jan 12 15:53:50 2024]
localrule all:
    input: output/Simulate_Genotypes/4PopSplit/A1/genos.psam
    jobid: 0

[Fri Jan 12 15:53:50 2024]
Finished job 0.
5 of 5 steps (100%) done
Complete log: /Users/jenniferblanc/PGS-differences-confounding/.snakemake/log/2024-01-12T155348.040364.snakemake.log
