Building DAG of jobs...
Using shell: /bin/bash
Provided cores: 1
Rules claiming more threads will be scaled down.
Job counts:
	count	jobs
	1	all
	4	get_common_snp_list
	5

[Fri Jan 12 17:31:25 2024]
rule get_common_snp_list:
    input: output/Simulate_Genotypes/4PopSplit/A1/C1/gp-4/tp-4/genos-test.afreq, output/Simulate_Genotypes/4PopSplit/A1/C1/gp-4/tp-4/genos-gwas.afreq
    output: output/Simulate_Genotypes/4PopSplit/A1/C1/gp-4/tp-4/common_snps_L-10.txt
    jobid: 2
    wildcards: rep=A1, config=C1, gwas_size=gp-4, test_size=tp-4, nsnp=L-10

[Fri Jan 12 17:31:25 2024]
Error in rule get_common_snp_list:
    jobid: 2
    output: output/Simulate_Genotypes/4PopSplit/A1/C1/gp-4/tp-4/common_snps_L-10.txt
    shell:
        
        RScriptcode/Simulate_Genotypes/get_common_snp_list.R output/Simulate_Genotypes/4PopSplit/A1/C1/gp-4/tp-4/genos-test.afreq output/Simulate_Genotypes/4PopSplit/A1/C1/gp-4/tp-4/genos-gwas.afreq 10 output/Simulate_Genotypes/4PopSplit/A1/C1/gp-4/tp-4/common_snps_L-10.txt
        

Shutting down, this might take some time.
Exiting because a job execution failed. Look above for error message
Complete log: /Users/jenniferblanc/PGS-differences-confounding/.snakemake/log/2024-01-12T173125.607593.snakemake.log
