Building DAG of jobs...
Using shell: /bin/bash
Provided cores: 1
Rules claiming more threads will be scaled down.
Job counts:
	count	jobs
	1	all
	1	change_vcf_chromosome
	1	convert_vcf_to_plink
	1	format_VCF
	2	split_into_test_gwas
	6

[Fri Jan 12 16:23:22 2024]
rule format_VCF:
    input: output/Simulate_Genotypes/4PopSplit/A1/genos.vcf
    output: output/Simulate_Genotypes/4PopSplit/A1/genos.tmp.vcf.gz, output/Simulate_Genotypes/4PopSplit/A1/genos.tmp.vcf.gz.tbi
    jobid: 7
    wildcards: rep=A1

[Fri Jan 12 16:23:22 2024]
Finished job 7.
1 of 6 steps (17%) done

[Fri Jan 12 16:23:22 2024]
rule change_vcf_chromosome:
    input: output/Simulate_Genotypes/4PopSplit/A1/genos.tmp.vcf.gz, output/Simulate_Genotypes/4PopSplit/A1/genos.tmp.vcf.gz.tbi
    output: output/Simulate_Genotypes/4PopSplit/A1/genos.ids.vcf.gz
    jobid: 6
    wildcards: rep=A1

[Fri Jan 12 16:23:22 2024]
Finished job 6.
2 of 6 steps (33%) done

[Fri Jan 12 16:23:22 2024]
rule convert_vcf_to_plink:
    input: output/Simulate_Genotypes/4PopSplit/A1/genos.ids.vcf.gz
    output: output/Simulate_Genotypes/4PopSplit/A1/genos.psam, output/Simulate_Genotypes/4PopSplit/A1/genos.pgen, output/Simulate_Genotypes/4PopSplit/A1/genos.pvar
    jobid: 4
    wildcards: rep=A1

[Fri Jan 12 16:23:23 2024]
Finished job 4.
3 of 6 steps (50%) done

[Fri Jan 12 16:23:23 2024]
rule split_into_test_gwas:
    input: output/Simulate_Genotypes/4PopSplit/A1/C2/gp-4/tp-4/ids.gwas, output/Simulate_Genotypes/4PopSplit/A1/C2/gp-4/tp-4/ids.test, output/Simulate_Genotypes/4PopSplit/A1/genos.psam
    output: output/Simulate_Genotypes/4PopSplit/A1/C2/gp-4/tp-4/genos-test.psam, output/Simulate_Genotypes/4PopSplit/A1/C2/gp-4/tp-4/genos-gwas.psam
    jobid: 2
    wildcards: rep=A1, config=C2, gwas_size=gp-4, test_size=tp-4

Waiting at most 5 seconds for missing files.
Terminating processes on user request, this might take some time.
Cancelling snakemake on user request.
