Building DAG of jobs...
Using shell: /bin/bash
Provided cores: 1
Rules claiming more threads will be scaled down.
Job counts:
	count	jobs
	1	all
	1	create_panels_4PopSplit
	1	simulate_genotypes_4popsplit
	3

[Fri Jan 12 16:04:59 2024]
rule simulate_genotypes_4popsplit:
    output: output/Simulate_Genotypes/4PopSplit/A1/genos.vcf, output/Simulate_Genotypes/4PopSplit/A1/genos.pop
    jobid: 2
    wildcards: rep=A1

[Fri Jan 12 16:05:00 2024]
Finished job 2.
1 of 3 steps (33%) done

[Fri Jan 12 16:05:00 2024]
rule create_panels_4PopSplit:
    input: output/Simulate_Genotypes/4PopSplit/A1/genos.pop
    output: output/Simulate_Genotypes/4PopSplit/A1/C1/gp-10000/tp-2000/ids.gwas, output/Simulate_Genotypes/4PopSplit/A1/C1/gp-10000/tp-2000/ids.test, output/Simulate_Genotypes/4PopSplit/A1/C2/gp-10000/tp-2000/ids.gwas, output/Simulate_Genotypes/4PopSplit/A1/C2/gp-10000/tp-2000/ids.test
    jobid: 1
    wildcards: rep=A1, gwas_size=gp-10000, test_size=tp-2000

[Fri Jan 12 16:05:03 2024]
Error in rule create_panels_4PopSplit:
    jobid: 1
    output: output/Simulate_Genotypes/4PopSplit/A1/C1/gp-10000/tp-2000/ids.gwas, output/Simulate_Genotypes/4PopSplit/A1/C1/gp-10000/tp-2000/ids.test, output/Simulate_Genotypes/4PopSplit/A1/C2/gp-10000/tp-2000/ids.gwas, output/Simulate_Genotypes/4PopSplit/A1/C2/gp-10000/tp-2000/ids.test
    shell:
        
        Rscript code/Simulate_Genotypes/split_gwas-test_4PopSplit.R output/Simulate_Genotypes/4PopSplit/A1/genos.pop output/Simulate_Genotypes/4PopSplit/A1/C1/gp-10000/tp-2000/ids.gwas output/Simulate_Genotypes/4PopSplit/A1/C1/gp-10000/tp-2000/ids.test output/Simulate_Genotypes/4PopSplit/A1/C2/gp-10000/tp-2000/ids.gwas output/Simulate_Genotypes/4PopSplit/A1/C2/gp-10000/tp-2000/ids.test 10000 2000
        

Shutting down, this might take some time.
Exiting because a job execution failed. Look above for error message
Complete log: /Users/jenniferblanc/PGS-differences-confounding/.snakemake/log/2024-01-12T160458.999850.snakemake.log
