Building DAG of jobs...
Using shell: /bin/bash
Provided cores: 1
Rules claiming more threads will be scaled down.
Job counts:
	count	jobs
	1	all
	2	get_variant_freq
	3

[Fri Jan 12 16:39:44 2024]
rule get_variant_freq:
    input: output/Simulate_Genotypes/4PopSplit/A1/genos.psam, output/Simulate_Genotypes/4PopSplit/A1/C1/gp-4/tp-4/ids.gwas, output/Simulate_Genotypes/4PopSplit/A1/C1/gp-4/tp-4/ids.test
    output: output/Simulate_Genotypes/4PopSplit/A1/C1/gp-4/tp-4/genos-test.afreq, output/Simulate_Genotypes/4PopSplit/A1/C1/gp-4/tp-4/genos-gwas.afreq
    jobid: 1
    wildcards: rep=A1, config=C1, gwas_size=gp-4, test_size=tp-4

[Fri Jan 12 16:39:44 2024]
Error in rule get_variant_freq:
    jobid: 1
    output: output/Simulate_Genotypes/4PopSplit/A1/C1/gp-4/tp-4/genos-test.afreq, output/Simulate_Genotypes/4PopSplit/A1/C1/gp-4/tp-4/genos-gwas.afreq
    shell:
        
        plink2 	      --pfile output/Simulate_Genotypes/4PopSplit/A1/genos 	      --keep output/Simulate_Genotypes/4PopSplit/A1/C1/gp-4/tp-4/ids.gwas
	      --freq 		    --out output/Simulate_Genotypes/4PopSplit/A1/C1/gp-4/tp-4/genos-gwas

			  plink2         --pfile output/Simulate_Genotypes/4PopSplit/A1/genos         --keep output/Simulate_Genotypes/4PopSplit/A1/C1/gp-4/tp-4/ids.test         --freq         --out output/Simulate_Genotypes/4PopSplit/A1/C1/gp-4/tp-4/genos-test
        

Shutting down, this might take some time.
Exiting because a job execution failed. Look above for error message
Complete log: /Users/jenniferblanc/PGS-differences-confounding/.snakemake/log/2024-01-12T163944.244476.snakemake.log
