Building DAG of jobs...
Using shell: /bin/bash
Provided cores: 1
Rules claiming more threads will be scaled down.
Job counts:
	count	jobs
	1	all
	1	concat_vcfs
	1	format_VCF
	1	simulate_genotypes_4popsplit
	4

[Fri Jan 12 14:20:21 2024]
rule simulate_genotypes_4popsplit:
    output: output/Simulate_Genotypes/4PopSplit/A1/genos.vcf, output/Simulate_Genotypes/4PopSplit/A1/genos.pop
    jobid: 3
    wildcards: rep=A1

[Fri Jan 12 14:20:23 2024]
Finished job 3.
1 of 4 steps (25%) done

[Fri Jan 12 14:20:23 2024]
rule format_VCF:
    input: output/Simulate_Genotypes/4PopSplit/A1/genos.vcf
    output: output/Simulate_Genotypes/4PopSplit/A1/genos.tmp.vcf, output/Simulate_Genotypes/4PopSplit/A1/genos.tmp.vcf.tbi
    jobid: 2
    wildcards: rep=A1

[Fri Jan 12 14:20:23 2024]
Error in rule format_VCF:
    jobid: 2
    output: output/Simulate_Genotypes/4PopSplit/A1/genos.tmp.vcf, output/Simulate_Genotypes/4PopSplit/A1/genos.tmp.vcf.tbi
    shell:
        
	      head -n6 output/Simulate_Genotypes/4PopSplit/A1/genos.vcf > output/Simulate_Genotypes/4PopSplit/A1/header.txt
	      cat output/Simulate_Genotypes/4PopSplit/A1/header.txt <(cat output/Simulate_Genotypes/4PopSplit/A1/genos.vcf | awk -v OFS="	" 'NR>6 {$3=$1"_"$2"_A_T";$4="A"; $5="T"; print ;}') > output/Simulate_Genotypes/4PopSplit/A1/genos.tmp.vcf
	      tabix -p vcf output/Simulate_Genotypes/4PopSplit/A1/genos.tmp.vcf
			  rm output/Simulate_Genotypes/4PopSplit/A1/header.txt
			  rm output/Simulate_Genotypes/4PopSplit/A1/genos.vcf
			  

Removing output files of failed job format_VCF since they might be corrupted:
output/Simulate_Genotypes/4PopSplit/A1/genos.tmp.vcf
Shutting down, this might take some time.
Exiting because a job execution failed. Look above for error message
Complete log: /Users/jenniferblanc/PGS-differences-confounding/.snakemake/log/2024-01-12T142021.863777.snakemake.log
